<?xml version="1.0" encoding="UTF-8"?>
<testng-results ignored="0" total="1" passed="1" failed="0" skipped="0">
  <reporter-output>
  </reporter-output>
  <suite started-at="2020-11-10T05:58:31Z" name="Suite" finished-at="2020-11-10T05:59:10Z" duration-ms="39360">
    <groups>
      <group name="cucumber">
        <method signature="AbstractTestNGCucumberTests.feature(cucumber.api.testng.CucumberFeatureWrapper)[pri:0, instance:com.TestRunner.Demo.TestRunner@5d43661b]" name="feature" class="cucumber.api.testng.AbstractTestNGCucumberTests"/>
      </group> <!-- cucumber -->
    </groups>
    <test started-at="2020-11-10T05:58:31Z" name="ProjectDemo" finished-at="2020-11-10T05:59:10Z" duration-ms="39360">
      <class name="com.TestRunner.Demo.TestRunner">
        <test-method is-config="true" signature="SetUP()[pri:0, instance:com.TestRunner.Demo.TestRunner@5d43661b]" started-at="2020-11-10T05:58:31Z" name="SetUP" finished-at="2020-11-10T05:58:39Z" duration-ms="7929" status="PASS">
          <reporter-output>
          </reporter-output>
        </test-method> <!-- SetUP -->
        <test-method is-config="true" signature="setUpClass()[pri:0, instance:com.TestRunner.Demo.TestRunner@5d43661b]" started-at="2020-11-10T05:58:39Z" name="setUpClass" finished-at="2020-11-10T05:58:39Z" duration-ms="576" status="PASS">
          <reporter-output>
          </reporter-output>
        </test-method> <!-- setUpClass -->
        <test-method signature="feature(cucumber.api.testng.CucumberFeatureWrapper)[pri:0, instance:com.TestRunner.Demo.TestRunner@5d43661b]" started-at="2020-11-10T05:58:40Z" name="feature" description="Runs Cucumber Feature" data-provider="features" finished-at="2020-11-10T05:59:09Z" duration-ms="29409" status="PASS">
          <params>
            <param index="0">
              <value>
                <![CDATA[Search Functionality]]>
              </value>
            </param>
          </params>
          <reporter-output>
          </reporter-output>
        </test-method> <!-- feature -->
        <test-method is-config="true" signature="tearDownClass()[pri:0, instance:com.TestRunner.Demo.TestRunner@5d43661b]" started-at="2020-11-10T05:59:09Z" name="tearDownClass" finished-at="2020-11-10T05:59:09Z" duration-ms="41" status="PASS">
          <reporter-output>
          </reporter-output>
        </test-method> <!-- tearDownClass -->
        <test-method is-config="true" signature="teatDown()[pri:0, instance:com.TestRunner.Demo.TestRunner@5d43661b]" started-at="2020-11-10T05:59:09Z" name="teatDown" finished-at="2020-11-10T05:59:10Z" duration-ms="864" status="PASS">
          <reporter-output>
          </reporter-output>
        </test-method> <!-- teatDown -->
      </class> <!-- com.TestRunner.Demo.TestRunner -->
    </test> <!-- ProjectDemo -->
  </suite> <!-- Suite -->
</testng-results>
